
> starter_helpi@0.1.0 test
> react-scripts test --coverage

PASS src/pages/DetailedQuestionsPage.test.tsx
PASS src/App.test.tsx
PASS src/pages/BasicQuestionsPage.test.tsx
A worker process has failed to exit gracefully and has been force exited. This is likely caused by tests leaking due to improper teardown. Try running with --detectOpenHandles to find leaks. Active timers can also cause this, ensure that .unref() was called on them.
----------------------------|---------|----------|---------|---------|---------------------
File                        | % Stmts | % Branch | % Funcs | % Lines | Uncovered Line #s   
----------------------------|---------|----------|---------|---------|---------------------
All files                   |   69.93 |    60.71 |   48.78 |   70.28 |                     
 src                        |    8.33 |        0 |   33.33 |    8.33 |                     
  App.tsx                   |     100 |      100 |     100 |     100 |                     
  index.tsx                 |       0 |      100 |     100 |       0 | 7-19                
  reportWebVitals.ts        |       0 |        0 |       0 |       0 | 3-10                
 src/pages                  |   75.57 |    70.83 |      50 |   76.19 |                     
  BasicQuestion.tsx         |      50 |      100 |   66.66 |      50 | 19-21               
  BasicQuestionsList.tsx    |     100 |      100 |     100 |     100 |                     
  BasicQuestionsPage.tsx    |   80.35 |     87.5 |   56.25 |   80.76 | 15,51-57,66,130-140 
  DetailedQuestion.tsx      |   33.33 |        0 |      50 |   33.33 | 19-22               
  DetailedQuestionsList.tsx |     100 |      100 |     100 |     100 |                     
  DetailedQuestionsPage.tsx |   63.63 |       50 |      40 |   66.66 | 13,28-34,43,64,69   
  Home.tsx                  |    62.5 |       50 |   42.85 |    62.5 | 11,19,30,47-59      
----------------------------|---------|----------|---------|---------|---------------------

Test Suites: 3 passed, 3 total
Tests:       9 passed, 9 total
Snapshots:   0 total
Time:        4.795 s
Ran all test suites.
